<?xml version="1.0" encoding="UTF-8"?>
<!-- Generated by org.testng.reporters.JUnitReportReporter -->
<testsuite hostname="DESKTOP-FRLCKIF" name="base.ValidateGetCall" tests="1" failures="0" timestamp="10 Feb 2019 12:49:36 GMT" time="4.043" errors="0">
  <testcase name="getapiresponse" time="4.043" classname="base.ValidateGetCall"/>
</testsuite> <!-- base.ValidateGetCall -->
