<?xml version="1.0" encoding="UTF-8"?>
<!-- Generated by org.testng.reporters.JUnitReportReporter -->
<testsuite hostname="INCHEXTSLT014" name="testcases.BalanceDetailsByCard" tests="1" failures="0" timestamp="11 Feb 2019 13:44:34 GMT" time="2.593" errors="0">
  <testcase name="getbalancedetails" time="2.593" classname="testcases.BalanceDetailsByCard"/>
</testsuite> <!-- testcases.BalanceDetailsByCard -->
