<?xml version="1.0" encoding="UTF-8"?>
<!-- Generated by org.testng.reporters.JUnitReportReporter -->
<testsuite hostname="INCHEXTSLT014" name="base.ValidateGetCall" tests="1" failures="0" timestamp="11 Feb 2019 12:39:15 GMT" time="3.280" errors="0">
  <testcase name="getapiresponse" time="3.280" classname="base.ValidateGetCall"/>
</testsuite> <!-- base.ValidateGetCall -->
