<?xml version="1.0" encoding="UTF-8"?>
<!-- Generated by org.testng.reporters.JUnitReportReporter -->
<testsuite hostname="DESKTOP-FRLCKIF" name="base.Putcallvalidation" tests="1" failures="0" timestamp="10 Feb 2019 08:17:39 GMT" time="6.684" errors="0">
  <testcase name="Putrequest" time="6.684" classname="base.Putcallvalidation"/>
</testsuite> <!-- base.Putcallvalidation -->
