<?xml version="1.0" encoding="UTF-8"?>
<!-- Generated by org.testng.reporters.JUnitReportReporter -->
<testsuite hostname="DESKTOP-FRLCKIF" name="base.ValidatePutCall" tests="1" failures="0" timestamp="10 Feb 2019 12:52:01 GMT" time="3.892" errors="0">
  <testcase name="Putrequest" time="3.892" classname="base.ValidatePutCall"/>
</testsuite> <!-- base.ValidatePutCall -->
