<?xml version="1.0" encoding="UTF-8"?>
<!-- Generated by org.testng.reporters.JUnitReportReporter -->
<testsuite hostname="INCHEXTSLT014" name="base.ValidatePutCall" tests="1" failures="0" timestamp="11 Feb 2019 12:44:35 GMT" time="3.700" errors="0">
  <testcase name="Putrequest" time="3.700" classname="base.ValidatePutCall"/>
</testsuite> <!-- base.ValidatePutCall -->
